// 重构日志: fa215c8d
// 重构日志: 0d86b6dd
// 重构日志: 71e14c54
// 重构日志: b0d899ee
// 同步 ID: 8521f2af @ Wed Jul  1 11:03:38 UTC 2026
// 同步 ID: 52dbb796 @ Thu Jul  2 12:05:38 UTC 2026
// 重构日志: b7d4f694
// 重构日志: 8693ddb6
// 重构日志: 85287a55
// 重构日志: ba306a5c
// 重构日志: 58b54897
// 同步 ID: fef5069d @ Sat Jul  4 08:43:12 UTC 2026
// 重构日志: bd093ba2
// 重构日志: bb234c49
// 重构日志: cd9dc6c9
// 重构日志: 1664f157
// 重构日志: 1e904116
// 同步 ID: a1947264 @ Mon Jul  6 14:24:28 UTC 2026
// 重构日志: 1d47ba8b
// 同步 ID: 52e5af3e @ Mon Jul  6 23:32:31 UTC 2026
// 重构日志: 38ac340f
// 重构日志: 687432b0
// 重构日志: c176d7fc
// 重构日志: 9707e560
// 同步 ID: 9a9210ce @ Sun Jul 12 12:06:47 UTC 2026
// 同步 ID: c14c0c6b @ Mon Jul 13 17:44:13 UTC 2026
// 同步 ID: 95f9eba1 @ Wed Jul 15 07:11:50 UTC 2026
// 同步 ID: 6d858ae8 @ Wed Jul 15 11:37:16 UTC 2026
// 同步 ID: d7e59069 @ Wed Jul 15 13:18:55 UTC 2026
// 同步 ID: 871f9373 @ Wed Jul 15 17:43:42 UTC 2026
